display.m
GetBoxFilterGradient.m
GetBoxFilter.m
GetBoxFilterSGS.m
GetForce.m
GetLaplacianOfGradient.m
GetMagneticFieldGradient.m
GetMagneticFieldLaplacian.m
GetMagneticField.m
GetMagneticHessian.m
GetPosition.m
GetPressureGradient.m
GetPressureHessian.m
GetPressure.m
GetRawMagneticField.m
GetRawPressure.m
GetRawVectorPotential.m
GetRawVelocity.m
GetVectorPotentialGradient.m
GetVectorPotentialHessian.m
GetVectorPotentialLaplacian.m
GetVectorPotential.m
GetVelocityAndPressure.m
GetVelocityBatch.m
GetVelocityGradient.m
GetVelocityHessian.m
GetVelocityLaplacian.m
GetVelocity.m
ls.log
NullOp.m
TurbulenceService.m
